0 info it worked if it ends with ok
1 verbose cli [ 'C:\\Program Files\\nodejs\\node.exe',
1 verbose cli   'C:\\Program Files\\nodejs\\node_modules\\npm\\bin\\npm-cli.js',
1 verbose cli   'start' ]
2 info using npm@3.3.12
3 info using node@v5.5.0
4 verbose run-script [ 'prestart', 'start', 'poststart' ]
5 info lifecycle yelp@1.0.0~prestart: yelp@1.0.0
6 silly lifecycle yelp@1.0.0~prestart: no script for prestart, continuing
7 info lifecycle yelp@1.0.0~start: yelp@1.0.0
8 verbose lifecycle yelp@1.0.0~start: unsafe-perm in lifecycle true
9 verbose lifecycle yelp@1.0.0~start: PATH: C:\Program Files\nodejs\node_modules\npm\bin\node-gyp-bin;D:\dev\React_demo\react-yelp2\yelp\node_modules\.bin;C:\Users\Todor\bin;C:\Program Files\Git\mingw64\bin;C:\Program Files\Git\usr\local\bin;C:\Program Files\Git\usr\bin;C:\Program Files\Git\usr\bin;C:\Program Files\Git\mingw64\bin;C:\Program Files\Git\usr\bin;C:\Users\Todor\bin;C:\WINDOWS\system32;C:\WINDOWS;C:\WINDOWS\System32\Wbem;C:\WINDOWS\System32\WindowsPowerShell\v1.0;C:\Program Files (x86)\Skype\Phone;C:\Program Files\nodejs;C:\Program Files\TortoiseGit\bin;C:\Program Files\Git\cmd;C:\Program Files\Git\mingw64\bin;C:\Program Files\Git\usr\bin;C:\Program Files\Microsoft SQL Server\120\Tools\Binn;C:\Program Files (x86)\ATI Technologies\ATI.ACE\Core-Static;C:\Users\Todor\.dnx\bin;C:\Users\Todor\AppData\Roaming\npm;C:\Program Files (x86)\Microsoft VS Code\bin;C:\Program Files\Git\usr\bin\vendor_perl;C:\Program Files\Git\usr\bin\core_perl
10 verbose lifecycle yelp@1.0.0~start: CWD: D:\dev\React_demo\react-yelp2\yelp
11 silly lifecycle yelp@1.0.0~start: Args: [ '/d /s /c',
11 silly lifecycle   'cross-env NODE_ENV=development ./node_modules/.bin/hjs-dev-server' ]
12 silly lifecycle yelp@1.0.0~start: Returned: code: 1  signal: null
13 info lifecycle yelp@1.0.0~start: Failed to exec start script
14 verbose stack Error: yelp@1.0.0 start: `cross-env NODE_ENV=development ./node_modules/.bin/hjs-dev-server`
14 verbose stack Exit status 1
14 verbose stack     at EventEmitter.<anonymous> (C:\Program Files\nodejs\node_modules\npm\lib\utils\lifecycle.js:232:16)
14 verbose stack     at emitTwo (events.js:100:13)
14 verbose stack     at EventEmitter.emit (events.js:185:7)
14 verbose stack     at ChildProcess.<anonymous> (C:\Program Files\nodejs\node_modules\npm\lib\utils\spawn.js:24:14)
14 verbose stack     at emitTwo (events.js:100:13)
14 verbose stack     at ChildProcess.emit (events.js:185:7)
14 verbose stack     at maybeClose (internal/child_process.js:821:16)
14 verbose stack     at Process.ChildProcess._handle.onexit (internal/child_process.js:211:5)
15 verbose pkgid yelp@1.0.0
16 verbose cwd D:\dev\React_demo\react-yelp2\yelp
17 error Windows_NT 10.0.10586
18 error argv "C:\\Program Files\\nodejs\\node.exe" "C:\\Program Files\\nodejs\\node_modules\\npm\\bin\\npm-cli.js" "start"
19 error node v5.5.0
20 error npm  v3.3.12
21 error code ELIFECYCLE
22 error yelp@1.0.0 start: `cross-env NODE_ENV=development ./node_modules/.bin/hjs-dev-server`
22 error Exit status 1
23 error Failed at the yelp@1.0.0 start script 'cross-env NODE_ENV=development ./node_modules/.bin/hjs-dev-server'.
23 error Make sure you have the latest version of node.js and npm installed.
23 error If you do, this is most likely a problem with the yelp package,
23 error not with npm itself.
23 error Tell the author that this fails on your system:
23 error     cross-env NODE_ENV=development ./node_modules/.bin/hjs-dev-server
23 error You can get their info via:
23 error     npm owner ls yelp
23 error There is likely additional logging output above.
24 verbose exit [ 1, true ]
